<?xml version="1.0" encoding="UTF-8"?>
<!-- Generated by org.testng.reporters.JUnitReportReporter -->
<testsuite hostname="tathagatas-mbp.lan" failures="0" tests="2" name="testNG.AccountTest" time="0.050" errors="0" timestamp="13 Aug 2022 15:20:01 GMT" skipped="0">
  <testcase classname="testNG.AccountTest" name="SavingsAccountTest2" time="0.027"/>
  <testcase classname="testNG.AccountTest" name="SavingsAccountTest1" time="0.023"/>
</testsuite> <!-- testNG.AccountTest -->
