<?xml version="1.0" encoding="UTF-8"?>
<!-- Generated by org.testng.reporters.JUnitReportReporter -->
<testsuite hostname="tathagatas-mbp.lan" failures="0" tests="2" name="webTestNG.SimplilearnLoginTest" time="28.515" errors="0" timestamp="13 Aug 2022 17:08:20 GMT" skipped="0">
  <testcase classname="webTestNG.SimplilearnLoginTest" name="PositiveTest" time="16.549"/>
  <testcase classname="webTestNG.SimplilearnLoginTest" name="negativeTest" time="11.966"/>
</testsuite> <!-- webTestNG.SimplilearnLoginTest -->
