<?xml version="1.0" encoding="UTF-8"?>
<!-- Generated by org.testng.reporters.JUnitReportReporter -->
<testsuite hostname="tathagatas-mbp.lan" failures="0" tests="1" name="testNG.LoanTest" time="0.012" errors="0" timestamp="13 Aug 2022 15:18:19 GMT" skipped="0">
  <testcase classname="testNG.LoanTest" name="PersonalLoanTest" time="0.012"/>
</testsuite> <!-- testNG.LoanTest -->
