<?xml version="1.0" encoding="UTF-8"?>
<!-- Generated by org.testng.reporters.JUnitReportReporter -->
<testsuite hostname="tathagatas-mbp.lan" failures="0" tests="1" name="webTestNG.HomePageTest" time="4.100" errors="0" timestamp="13 Aug 2022 17:08:20 GMT" skipped="0">
  <testcase classname="webTestNG.HomePageTest" name="Test1" time="4.100"/>
</testsuite> <!-- webTestNG.HomePageTest -->
