<?xml version="1.0" encoding="UTF-8"?>
<!-- Generated by org.testng.reporters.JUnitReportReporter -->
<testsuite hostname="tathagatas-mbp.lan" failures="0" tests="1" name="webTestNG.SimplilearnLogin" time="18.779" errors="0" timestamp="13 Aug 2022 16:01:02 GMT" skipped="0">
  <testcase classname="webTestNG.SimplilearnLogin" name="Test1" time="18.779"/>
</testsuite> <!-- webTestNG.SimplilearnLogin -->
