<?xml version="1.0" encoding="UTF-8"?>
<!-- Generated by org.testng.reporters.JUnitReportReporter -->
<testsuite hostname="tathagatas-mbp.lan" failures="0" tests="1" name="webTestNG.HomePageTest" time="7.317" errors="0" timestamp="14 Aug 2022 14:33:05 GMT" skipped="0">
  <testcase classname="webTestNG.HomePageTest" name="Test1" time="7.317"/>
</testsuite> <!-- webTestNG.HomePageTest -->
