<?xml version="1.0" encoding="UTF-8"?>
<!-- Generated by org.testng.reporters.JUnitReportReporter -->
<testsuite hostname="tathagatas-mbp.lan" failures="0" tests="2" name="webTestNG.SimplilearnLoginTest" time="37.354" errors="0" timestamp="14 Aug 2022 14:33:05 GMT" skipped="0">
  <testcase classname="webTestNG.SimplilearnLoginTest" name="PositiveTest" time="16.279"/>
  <testcase classname="webTestNG.SimplilearnLoginTest" name="negativeTest" time="21.075"/>
</testsuite> <!-- webTestNG.SimplilearnLoginTest -->
